2021-11-19 16:51:58,800 Namespace(conf_thres=0.001, dataDir='', iou_thres=0.6, local_rank=-1, logDir='runs/', modelDir='', prevModelDir='', sync_bn=False)
2021-11-19 16:51:58,800 AUTO_RESUME: False
CUDNN:
  BENCHMARK: True
  DETERMINISTIC: False
  ENABLED: True
DATASET:
  COLOR_RGB: False
  DATAROOT: /home/sung/works/YOLOP/lib/dataset/images
  DATASET: BddDataset
  DATA_FORMAT: jpg
  FLIP: True
  HSV_H: 0.015
  HSV_S: 0.7
  HSV_V: 0.4
  LABELROOT: /home/sung/works/YOLOP/lib/dataset/det_annotations
  LANEROOT: /home/sung/works/YOLOP/lib/dataset/ll_seg_annotations
  MASKROOT: /home/sung/works/YOLOP/lib/dataset/da_seg_annotations
  ORG_IMG_SIZE: [720, 1280]
  ROT_FACTOR: 10
  SCALE_FACTOR: 0.25
  SELECT_DATA: False
  SHEAR: 0.0
  TEST_SET: val
  TRAIN_SET: train
  TRANSLATE: 0.1
DEBUG: False
GPUS: (0, 1)
LOG_DIR: runs/
LOSS:
  BOX_GAIN: 0.05
  CLS_GAIN: 0.5
  CLS_POS_WEIGHT: 1.0
  DA_SEG_GAIN: 0.2
  FL_GAMMA: 0.0
  LL_IOU_GAIN: 0.2
  LL_SEG_GAIN: 0.2
  LOSS_NAME: 
  MULTI_HEAD_LAMBDA: None
  OBJ_GAIN: 1.0
  OBJ_POS_WEIGHT: 1.0
  SEG_POS_WEIGHT: 1.0
MODEL:
  EXTRA:
    
  HEADS_NAME: ['']
  IMAGE_SIZE: [640, 640]
  NAME: 
  PRETRAINED: 
  PRETRAINED_DET: 
  STRU_WITHSHARE: False
NEED_AUTOANCHOR: False
PIN_MEMORY: False
PRINT_FREQ: 20
TEST:
  BATCH_SIZE_PER_GPU: 24
  MODEL_FILE: 
  NMS_CONF_THRESHOLD: 0.001
  NMS_IOU_THRESHOLD: 0.6
  PLOTS: True
  SAVE_JSON: False
  SAVE_TXT: False
TRAIN:
  ANCHOR_THRESHOLD: 4.0
  BATCH_SIZE_PER_GPU: 24
  BEGIN_EPOCH: 0
  DET_ONLY: False
  DRIVABLE_ONLY: False
  ENC_DET_ONLY: False
  ENC_SEG_ONLY: False
  END_EPOCH: 12
  GAMMA1: 0.99
  GAMMA2: 0.0
  IOU_THRESHOLD: 0.2
  LANE_ONLY: False
  LR0: 0.001
  LRF: 0.2
  MOMENTUM: 0.937
  NESTEROV: True
  OPTIMIZER: adam
  PLOT: True
  SEG_ONLY: False
  SHUFFLE: True
  VAL_FREQ: 1
  WARMUP_BIASE_LR: 0.1
  WARMUP_EPOCHS: 3.0
  WARMUP_MOMENTUM: 0.8
  WD: 0.0005
WORKERS: 0
num_seg_class: 2
2021-11-19 16:51:58,824 Using torch 1.7.1 CUDA:0 (NVIDIA GeForce GTX 1080 Ti, 11170MB)
2021-11-19 16:51:58,825                   CUDA:1 (NVIDIA GeForce GTX 1080 Ti, 11178MB)
2021-11-19 16:51:58,825 
2021-11-19 16:52:13,544 anchors loaded successfully
2021-11-19 16:52:13,546 tensor([[[0.3750, 1.1250],
         [0.6250, 1.3750],
         [0.5000, 2.5000]],

        [[0.4375, 1.1250],
         [0.3750, 2.4375],
         [0.7500, 1.9375]],

        [[0.5938, 1.5625],
         [1.1875, 2.5312],
         [2.1250, 4.9062]]], device='cuda:0')
2021-11-19 16:52:21,938 Epoch: [1][0/1459]	Time 8.391s (8.391s)	Speed 5.7 samples/s	Data 1.551s (1.551s)	Loss 0.66708 (0.66708)
2021-11-19 16:52:53,919 Epoch: [1][20/1459]	Time 40.372s (23.501s)	Speed 1.2 samples/s	Data 38.909s (21.905s)	Loss 0.66682 (0.66938)
2021-11-19 16:53:27,532 Epoch: [1][40/1459]	Time 73.985s (40.286s)	Speed 0.6 samples/s	Data 72.674s (38.784s)	Loss 0.66992 (0.66890)
2021-11-19 16:54:00,399 Epoch: [1][60/1459]	Time 106.852s (56.995s)	Speed 0.4 samples/s	Data 105.552s (55.553s)	Loss 0.66772 (0.66851)
2021-11-19 16:54:33,726 Epoch: [1][80/1459]	Time 140.179s (73.619s)	Speed 0.3 samples/s	Data 138.808s (72.206s)	Loss 0.66487 (0.66797)
2021-11-19 16:55:07,325 Epoch: [1][100/1459]	Time 173.778s (90.255s)	Speed 0.3 samples/s	Data 172.271s (88.858s)	Loss 0.66594 (0.66743)
2021-11-19 16:55:41,076 Epoch: [1][120/1459]	Time 207.529s (107.009s)	Speed 0.2 samples/s	Data 206.224s (105.615s)	Loss 0.66471 (0.66696)
2021-11-19 16:56:16,592 Epoch: [1][140/1459]	Time 243.046s (123.826s)	Speed 0.2 samples/s	Data 240.948s (122.423s)	Loss 0.66218 (0.66629)
2021-11-19 16:56:51,472 Epoch: [1][160/1459]	Time 277.925s (140.846s)	Speed 0.2 samples/s	Data 276.292s (139.440s)	Loss 0.65906 (0.66558)
2021-11-19 16:57:25,998 Epoch: [1][180/1459]	Time 312.451s (157.990s)	Speed 0.2 samples/s	Data 311.162s (156.590s)	Loss 0.65836 (0.66484)
