2021-11-19 15:35:22,939 Namespace(conf_thres=0.001, dataDir='', iou_thres=0.6, local_rank=-1, logDir='runs/', modelDir='', prevModelDir='', sync_bn=False)
2021-11-19 15:35:22,939 AUTO_RESUME: False
CUDNN:
  BENCHMARK: True
  DETERMINISTIC: False
  ENABLED: True
DATASET:
  COLOR_RGB: False
  DATAROOT: /home/sung/works/YOLOP/lib/dataset/images
  DATASET: BddDataset
  DATA_FORMAT: jpg
  FLIP: True
  HSV_H: 0.015
  HSV_S: 0.7
  HSV_V: 0.4
  LABELROOT: /home/sung/works/YOLOP/lib/dataset/det_annotations
  LANEROOT: /home/sung/works/YOLOP/lib/dataset/ll_seg_annotations
  MASKROOT: /home/sung/works/YOLOP/lib/dataset/da_seg_annotations
  ORG_IMG_SIZE: [720, 1280]
  ROT_FACTOR: 10
  SCALE_FACTOR: 0.25
  SELECT_DATA: False
  SHEAR: 0.0
  TEST_SET: val
  TRAIN_SET: train
  TRANSLATE: 0.1
DEBUG: False
GPUS: 0
LOG_DIR: runs/
LOSS:
  BOX_GAIN: 0.05
  CLS_GAIN: 0.5
  CLS_POS_WEIGHT: 1.0
  DA_SEG_GAIN: 0.2
  FL_GAMMA: 0.0
  LL_IOU_GAIN: 0.2
  LL_SEG_GAIN: 0.2
  LOSS_NAME: 
  MULTI_HEAD_LAMBDA: None
  OBJ_GAIN: 1.0
  OBJ_POS_WEIGHT: 1.0
  SEG_POS_WEIGHT: 1.0
MODEL:
  EXTRA:
    
  HEADS_NAME: ['']
  IMAGE_SIZE: [640, 640]
  NAME: 
  PRETRAINED: 
  PRETRAINED_DET: 
  STRU_WITHSHARE: False
NEED_AUTOANCHOR: False
PIN_MEMORY: False
PRINT_FREQ: 20
TEST:
  BATCH_SIZE_PER_GPU: 2
  MODEL_FILE: 
  NMS_CONF_THRESHOLD: 0.001
  NMS_IOU_THRESHOLD: 0.6
  PLOTS: True
  SAVE_JSON: False
  SAVE_TXT: False
TRAIN:
  ANCHOR_THRESHOLD: 4.0
  BATCH_SIZE_PER_GPU: 2
  BEGIN_EPOCH: 0
  DET_ONLY: False
  DRIVABLE_ONLY: False
  ENC_DET_ONLY: False
  ENC_SEG_ONLY: False
  END_EPOCH: 240
  GAMMA1: 0.99
  GAMMA2: 0.0
  IOU_THRESHOLD: 0.2
  LANE_ONLY: False
  LR0: 0.001
  LRF: 0.2
  MOMENTUM: 0.937
  NESTEROV: True
  OPTIMIZER: adam
  PLOT: True
  SEG_ONLY: False
  SHUFFLE: True
  VAL_FREQ: 1
  WARMUP_BIASE_LR: 0.1
  WARMUP_EPOCHS: 3.0
  WARMUP_MOMENTUM: 0.8
  WD: 0.0005
WORKERS: 0
num_seg_class: 2
2021-11-19 15:35:33,597 Namespace(conf_thres=0.001, dataDir='', iou_thres=0.6, local_rank=-1, logDir='runs/', modelDir='', prevModelDir='', sync_bn=False)
2021-11-19 15:35:33,597 AUTO_RESUME: False
CUDNN:
  BENCHMARK: True
  DETERMINISTIC: False
  ENABLED: True
DATASET:
  COLOR_RGB: False
  DATAROOT: /home/sung/works/YOLOP/lib/dataset/images
  DATASET: BddDataset
  DATA_FORMAT: jpg
  FLIP: True
  HSV_H: 0.015
  HSV_S: 0.7
  HSV_V: 0.4
  LABELROOT: /home/sung/works/YOLOP/lib/dataset/det_annotations
  LANEROOT: /home/sung/works/YOLOP/lib/dataset/ll_seg_annotations
  MASKROOT: /home/sung/works/YOLOP/lib/dataset/da_seg_annotations
  ORG_IMG_SIZE: [720, 1280]
  ROT_FACTOR: 10
  SCALE_FACTOR: 0.25
  SELECT_DATA: False
  SHEAR: 0.0
  TEST_SET: val
  TRAIN_SET: train
  TRANSLATE: 0.1
DEBUG: False
GPUS: 0
LOG_DIR: runs/
LOSS:
  BOX_GAIN: 0.05
  CLS_GAIN: 0.5
  CLS_POS_WEIGHT: 1.0
  DA_SEG_GAIN: 0.2
  FL_GAMMA: 0.0
  LL_IOU_GAIN: 0.2
  LL_SEG_GAIN: 0.2
  LOSS_NAME: 
  MULTI_HEAD_LAMBDA: None
  OBJ_GAIN: 1.0
  OBJ_POS_WEIGHT: 1.0
  SEG_POS_WEIGHT: 1.0
MODEL:
  EXTRA:
    
  HEADS_NAME: ['']
  IMAGE_SIZE: [640, 640]
  NAME: 
  PRETRAINED: 
  PRETRAINED_DET: 
  STRU_WITHSHARE: False
NEED_AUTOANCHOR: False
PIN_MEMORY: False
PRINT_FREQ: 20
TEST:
  BATCH_SIZE_PER_GPU: 2
  MODEL_FILE: 
  NMS_CONF_THRESHOLD: 0.001
  NMS_IOU_THRESHOLD: 0.6
  PLOTS: True
  SAVE_JSON: False
  SAVE_TXT: False
TRAIN:
  ANCHOR_THRESHOLD: 4.0
  BATCH_SIZE_PER_GPU: 2
  BEGIN_EPOCH: 0
  DET_ONLY: False
  DRIVABLE_ONLY: False
  ENC_DET_ONLY: False
  ENC_SEG_ONLY: False
  END_EPOCH: 240
  GAMMA1: 0.99
  GAMMA2: 0.0
  IOU_THRESHOLD: 0.2
  LANE_ONLY: False
  LR0: 0.001
  LRF: 0.2
  MOMENTUM: 0.937
  NESTEROV: True
  OPTIMIZER: adam
  PLOT: True
  SEG_ONLY: False
  SHUFFLE: True
  VAL_FREQ: 1
  WARMUP_BIASE_LR: 0.1
  WARMUP_EPOCHS: 3.0
  WARMUP_MOMENTUM: 0.8
  WD: 0.0005
WORKERS: 0
num_seg_class: 2
2021-11-19 15:35:33,617 Using torch 1.7.1 CUDA:0 (NVIDIA GeForce GTX 1080 Ti, 11170MB)
2021-11-19 15:35:33,617                   CUDA:1 (NVIDIA GeForce GTX 1080 Ti, 11178MB)
2021-11-19 15:35:33,617 
2021-11-19 15:35:48,031 Namespace(conf_thres=0.001, dataDir='', iou_thres=0.6, local_rank=-1, logDir='runs/', modelDir='', prevModelDir='', sync_bn=False)
2021-11-19 15:35:48,032 AUTO_RESUME: False
CUDNN:
  BENCHMARK: True
  DETERMINISTIC: False
  ENABLED: True
DATASET:
  COLOR_RGB: False
  DATAROOT: /home/sung/works/YOLOP/lib/dataset/images
  DATASET: BddDataset
  DATA_FORMAT: jpg
  FLIP: True
  HSV_H: 0.015
  HSV_S: 0.7
  HSV_V: 0.4
  LABELROOT: /home/sung/works/YOLOP/lib/dataset/det_annotations
  LANEROOT: /home/sung/works/YOLOP/lib/dataset/ll_seg_annotations
  MASKROOT: /home/sung/works/YOLOP/lib/dataset/da_seg_annotations
  ORG_IMG_SIZE: [720, 1280]
  ROT_FACTOR: 10
  SCALE_FACTOR: 0.25
  SELECT_DATA: False
  SHEAR: 0.0
  TEST_SET: val
  TRAIN_SET: train
  TRANSLATE: 0.1
DEBUG: False
GPUS: 0
LOG_DIR: runs/
LOSS:
  BOX_GAIN: 0.05
  CLS_GAIN: 0.5
  CLS_POS_WEIGHT: 1.0
  DA_SEG_GAIN: 0.2
  FL_GAMMA: 0.0
  LL_IOU_GAIN: 0.2
  LL_SEG_GAIN: 0.2
  LOSS_NAME: 
  MULTI_HEAD_LAMBDA: None
  OBJ_GAIN: 1.0
  OBJ_POS_WEIGHT: 1.0
  SEG_POS_WEIGHT: 1.0
MODEL:
  EXTRA:
    
  HEADS_NAME: ['']
  IMAGE_SIZE: [640, 640]
  NAME: 
  PRETRAINED: 
  PRETRAINED_DET: 
  STRU_WITHSHARE: False
NEED_AUTOANCHOR: False
PIN_MEMORY: False
PRINT_FREQ: 20
TEST:
  BATCH_SIZE_PER_GPU: 2
  MODEL_FILE: 
  NMS_CONF_THRESHOLD: 0.001
  NMS_IOU_THRESHOLD: 0.6
  PLOTS: True
  SAVE_JSON: False
  SAVE_TXT: False
TRAIN:
  ANCHOR_THRESHOLD: 4.0
  BATCH_SIZE_PER_GPU: 2
  BEGIN_EPOCH: 0
  DET_ONLY: False
  DRIVABLE_ONLY: False
  ENC_DET_ONLY: False
  ENC_SEG_ONLY: False
  END_EPOCH: 240
  GAMMA1: 0.99
  GAMMA2: 0.0
  IOU_THRESHOLD: 0.2
  LANE_ONLY: False
  LR0: 0.001
  LRF: 0.2
  MOMENTUM: 0.937
  NESTEROV: True
  OPTIMIZER: adam
  PLOT: True
  SEG_ONLY: False
  SHUFFLE: True
  VAL_FREQ: 1
  WARMUP_BIASE_LR: 0.1
  WARMUP_EPOCHS: 3.0
  WARMUP_MOMENTUM: 0.8
  WD: 0.0005
WORKERS: 0
num_seg_class: 2
2021-11-19 15:35:56,346 Namespace(conf_thres=0.001, dataDir='', iou_thres=0.6, local_rank=-1, logDir='runs/', modelDir='', prevModelDir='', sync_bn=False)
2021-11-19 15:35:56,346 AUTO_RESUME: False
CUDNN:
  BENCHMARK: True
  DETERMINISTIC: False
  ENABLED: True
DATASET:
  COLOR_RGB: False
  DATAROOT: /home/sung/works/YOLOP/lib/dataset/images
  DATASET: BddDataset
  DATA_FORMAT: jpg
  FLIP: True
  HSV_H: 0.015
  HSV_S: 0.7
  HSV_V: 0.4
  LABELROOT: /home/sung/works/YOLOP/lib/dataset/det_annotations
  LANEROOT: /home/sung/works/YOLOP/lib/dataset/ll_seg_annotations
  MASKROOT: /home/sung/works/YOLOP/lib/dataset/da_seg_annotations
  ORG_IMG_SIZE: [720, 1280]
  ROT_FACTOR: 10
  SCALE_FACTOR: 0.25
  SELECT_DATA: False
  SHEAR: 0.0
  TEST_SET: val
  TRAIN_SET: train
  TRANSLATE: 0.1
DEBUG: False
GPUS: [0]
LOG_DIR: runs/
LOSS:
  BOX_GAIN: 0.05
  CLS_GAIN: 0.5
  CLS_POS_WEIGHT: 1.0
  DA_SEG_GAIN: 0.2
  FL_GAMMA: 0.0
  LL_IOU_GAIN: 0.2
  LL_SEG_GAIN: 0.2
  LOSS_NAME: 
  MULTI_HEAD_LAMBDA: None
  OBJ_GAIN: 1.0
  OBJ_POS_WEIGHT: 1.0
  SEG_POS_WEIGHT: 1.0
MODEL:
  EXTRA:
    
  HEADS_NAME: ['']
  IMAGE_SIZE: [640, 640]
  NAME: 
  PRETRAINED: 
  PRETRAINED_DET: 
  STRU_WITHSHARE: False
NEED_AUTOANCHOR: False
PIN_MEMORY: False
PRINT_FREQ: 20
TEST:
  BATCH_SIZE_PER_GPU: 2
  MODEL_FILE: 
  NMS_CONF_THRESHOLD: 0.001
  NMS_IOU_THRESHOLD: 0.6
  PLOTS: True
  SAVE_JSON: False
  SAVE_TXT: False
TRAIN:
  ANCHOR_THRESHOLD: 4.0
  BATCH_SIZE_PER_GPU: 2
  BEGIN_EPOCH: 0
  DET_ONLY: False
  DRIVABLE_ONLY: False
  ENC_DET_ONLY: False
  ENC_SEG_ONLY: False
  END_EPOCH: 240
  GAMMA1: 0.99
  GAMMA2: 0.0
  IOU_THRESHOLD: 0.2
  LANE_ONLY: False
  LR0: 0.001
  LRF: 0.2
  MOMENTUM: 0.937
  NESTEROV: True
  OPTIMIZER: adam
  PLOT: True
  SEG_ONLY: False
  SHUFFLE: True
  VAL_FREQ: 1
  WARMUP_BIASE_LR: 0.1
  WARMUP_EPOCHS: 3.0
  WARMUP_MOMENTUM: 0.8
  WD: 0.0005
WORKERS: 0
num_seg_class: 2
2021-11-19 15:35:56,363 Using torch 1.7.1 CUDA:0 (NVIDIA GeForce GTX 1080 Ti, 11170MB)
2021-11-19 15:35:56,363                   CUDA:1 (NVIDIA GeForce GTX 1080 Ti, 11178MB)
2021-11-19 15:35:56,363 
2021-11-19 15:36:09,965 anchors loaded successfully
2021-11-19 15:36:09,967 tensor([[[0.3750, 1.1250],
         [0.6250, 1.3750],
         [0.5000, 2.5000]],

        [[0.4375, 1.1250],
         [0.3750, 2.4375],
         [0.7500, 1.9375]],

        [[0.5938, 1.5625],
         [1.1875, 2.5312],
         [2.1250, 4.9062]]], device='cuda:0')
2021-11-19 15:36:12,450 Epoch: [1][0/35000]	Time 2.483s (2.483s)	Speed 0.8 samples/s	Data 0.062s (0.062s)	Loss 0.67807 (0.67807)
2021-11-19 15:36:15,081 Epoch: [1][20/35000]	Time 5.114s (3.816s)	Speed 0.4 samples/s	Data 4.988s (3.576s)	Loss nan (nan)
2021-11-19 15:36:15,081 NaN or Inf found in input tensor.
2021-11-19 15:36:17,692 Epoch: [1][40/35000]	Time 7.725s (5.116s)	Speed 0.3 samples/s	Data 7.597s (4.929s)	Loss nan (nan)
2021-11-19 15:36:17,692 NaN or Inf found in input tensor.
2021-11-19 15:36:20,340 Epoch: [1][60/35000]	Time 10.372s (6.427s)	Speed 0.2 samples/s	Data 10.245s (6.258s)	Loss nan (nan)
2021-11-19 15:36:20,340 NaN or Inf found in input tensor.
2021-11-19 15:36:22,943 Epoch: [1][80/35000]	Time 12.976s (7.741s)	Speed 0.2 samples/s	Data 12.851s (7.582s)	Loss nan (nan)
2021-11-19 15:36:22,944 NaN or Inf found in input tensor.
2021-11-19 15:36:25,556 Epoch: [1][100/35000]	Time 15.588s (9.050s)	Speed 0.1 samples/s	Data 15.454s (8.897s)	Loss nan (nan)
2021-11-19 15:36:25,556 NaN or Inf found in input tensor.
2021-11-19 15:36:28,157 Epoch: [1][120/35000]	Time 18.189s (10.358s)	Speed 0.1 samples/s	Data 18.062s (10.208s)	Loss nan (nan)
2021-11-19 15:36:28,157 NaN or Inf found in input tensor.
2021-11-19 15:36:30,752 Epoch: [1][140/35000]	Time 20.784s (11.663s)	Speed 0.1 samples/s	Data 20.655s (11.516s)	Loss nan (nan)
2021-11-19 15:36:30,752 NaN or Inf found in input tensor.
2021-11-19 15:36:33,367 Epoch: [1][160/35000]	Time 23.400s (12.968s)	Speed 0.1 samples/s	Data 23.268s (12.824s)	Loss nan (nan)
2021-11-19 15:36:33,367 NaN or Inf found in input tensor.
2021-11-19 15:36:35,990 Epoch: [1][180/35000]	Time 26.023s (14.273s)	Speed 0.1 samples/s	Data 25.892s (14.130s)	Loss nan (nan)
2021-11-19 15:36:35,991 NaN or Inf found in input tensor.
2021-11-19 15:36:38,587 Epoch: [1][200/35000]	Time 28.619s (15.579s)	Speed 0.1 samples/s	Data 28.494s (15.437s)	Loss nan (nan)
2021-11-19 15:36:38,587 NaN or Inf found in input tensor.
2021-11-19 15:36:41,253 Epoch: [1][220/35000]	Time 31.285s (16.886s)	Speed 0.1 samples/s	Data 31.150s (16.745s)	Loss nan (nan)
2021-11-19 15:36:41,253 NaN or Inf found in input tensor.
2021-11-19 15:36:43,820 Epoch: [1][240/35000]	Time 33.852s (18.193s)	Speed 0.1 samples/s	Data 33.723s (18.053s)	Loss nan (nan)
2021-11-19 15:36:43,820 NaN or Inf found in input tensor.
2021-11-19 15:36:46,417 Epoch: [1][260/35000]	Time 36.449s (19.498s)	Speed 0.1 samples/s	Data 36.323s (19.358s)	Loss nan (nan)
2021-11-19 15:36:46,417 NaN or Inf found in input tensor.
2021-11-19 15:36:49,106 Epoch: [1][280/35000]	Time 39.138s (20.806s)	Speed 0.1 samples/s	Data 39.007s (20.667s)	Loss nan (nan)
2021-11-19 15:36:49,106 NaN or Inf found in input tensor.
2021-11-19 15:36:51,719 Epoch: [1][300/35000]	Time 41.751s (22.116s)	Speed 0.0 samples/s	Data 41.619s (21.977s)	Loss nan (nan)
2021-11-19 15:36:51,719 NaN or Inf found in input tensor.
2021-11-19 15:36:54,347 Epoch: [1][320/35000]	Time 44.380s (23.426s)	Speed 0.0 samples/s	Data 44.252s (23.288s)	Loss nan (nan)
2021-11-19 15:36:54,347 NaN or Inf found in input tensor.
2021-11-19 15:36:56,944 Epoch: [1][340/35000]	Time 46.976s (24.734s)	Speed 0.0 samples/s	Data 46.847s (24.597s)	Loss nan (nan)
2021-11-19 15:36:56,944 NaN or Inf found in input tensor.
2021-11-19 15:36:59,561 Epoch: [1][360/35000]	Time 49.594s (26.042s)	Speed 0.0 samples/s	Data 49.461s (25.906s)	Loss nan (nan)
2021-11-19 15:36:59,562 NaN or Inf found in input tensor.
2021-11-19 15:37:02,179 Epoch: [1][380/35000]	Time 52.212s (27.352s)	Speed 0.0 samples/s	Data 52.085s (27.215s)	Loss nan (nan)
2021-11-19 15:37:02,179 NaN or Inf found in input tensor.
2021-11-19 15:37:04,794 Epoch: [1][400/35000]	Time 54.826s (28.659s)	Speed 0.0 samples/s	Data 54.689s (28.523s)	Loss nan (nan)
2021-11-19 15:37:04,794 NaN or Inf found in input tensor.
2021-11-19 15:37:07,387 Epoch: [1][420/35000]	Time 57.419s (29.967s)	Speed 0.0 samples/s	Data 57.289s (29.831s)	Loss nan (nan)
2021-11-19 15:37:07,387 NaN or Inf found in input tensor.
2021-11-19 15:37:09,988 Epoch: [1][440/35000]	Time 60.021s (31.274s)	Speed 0.0 samples/s	Data 59.891s (31.138s)	Loss nan (nan)
2021-11-19 15:37:09,988 NaN or Inf found in input tensor.
2021-11-19 15:37:12,568 Epoch: [1][460/35000]	Time 62.601s (32.580s)	Speed 0.0 samples/s	Data 62.473s (32.444s)	Loss nan (nan)
2021-11-19 15:37:12,568 NaN or Inf found in input tensor.
