2021-11-19 15:31:41,482 Namespace(conf_thres=0.001, dataDir='', iou_thres=0.6, local_rank=-1, logDir='runs/', modelDir='', prevModelDir='', sync_bn=False)
2021-11-19 15:31:41,482 AUTO_RESUME: False
CUDNN:
  BENCHMARK: True
  DETERMINISTIC: False
  ENABLED: True
DATASET:
  COLOR_RGB: False
  DATAROOT: /home/sung/works/YOLOP/lib/dataset/images
  DATASET: BddDataset
  DATA_FORMAT: jpg
  FLIP: True
  HSV_H: 0.015
  HSV_S: 0.7
  HSV_V: 0.4
  LABELROOT: /home/sung/works/YOLOP/lib/dataset/det_annotations
  LANEROOT: /home/sung/works/YOLOP/lib/dataset/ll_seg_annotations
  MASKROOT: /home/sung/works/YOLOP/lib/dataset/da_seg_annotations
  ORG_IMG_SIZE: [720, 1280]
  ROT_FACTOR: 10
  SCALE_FACTOR: 0.25
  SELECT_DATA: False
  SHEAR: 0.0
  TEST_SET: val
  TRAIN_SET: train
  TRANSLATE: 0.1
DEBUG: False
GPUS: (0, 1)
LOG_DIR: runs/
LOSS:
  BOX_GAIN: 0.05
  CLS_GAIN: 0.5
  CLS_POS_WEIGHT: 1.0
  DA_SEG_GAIN: 0.2
  FL_GAMMA: 0.0
  LL_IOU_GAIN: 0.2
  LL_SEG_GAIN: 0.2
  LOSS_NAME: 
  MULTI_HEAD_LAMBDA: None
  OBJ_GAIN: 1.0
  OBJ_POS_WEIGHT: 1.0
  SEG_POS_WEIGHT: 1.0
MODEL:
  EXTRA:
    
  HEADS_NAME: ['']
  IMAGE_SIZE: [640, 640]
  NAME: 
  PRETRAINED: 
  PRETRAINED_DET: 
  STRU_WITHSHARE: False
NEED_AUTOANCHOR: False
PIN_MEMORY: False
PRINT_FREQ: 20
TEST:
  BATCH_SIZE_PER_GPU: 2
  MODEL_FILE: 
  NMS_CONF_THRESHOLD: 0.001
  NMS_IOU_THRESHOLD: 0.6
  PLOTS: True
  SAVE_JSON: False
  SAVE_TXT: False
TRAIN:
  ANCHOR_THRESHOLD: 4.0
  BATCH_SIZE_PER_GPU: 2
  BEGIN_EPOCH: 0
  DET_ONLY: False
  DRIVABLE_ONLY: False
  ENC_DET_ONLY: False
  ENC_SEG_ONLY: False
  END_EPOCH: 240
  GAMMA1: 0.99
  GAMMA2: 0.0
  IOU_THRESHOLD: 0.2
  LANE_ONLY: False
  LR0: 0.001
  LRF: 0.2
  MOMENTUM: 0.937
  NESTEROV: True
  OPTIMIZER: adam
  PLOT: True
  SEG_ONLY: False
  SHUFFLE: True
  VAL_FREQ: 1
  WARMUP_BIASE_LR: 0.1
  WARMUP_EPOCHS: 3.0
  WARMUP_MOMENTUM: 0.8
  WD: 0.0005
WORKERS: 1
num_seg_class: 2
2021-11-19 15:31:41,505 Using torch 1.7.1 CUDA:0 (NVIDIA GeForce GTX 1080 Ti, 11170MB)
2021-11-19 15:31:41,505                   CUDA:1 (NVIDIA GeForce GTX 1080 Ti, 11178MB)
2021-11-19 15:31:41,505 
2021-11-19 15:31:55,487 anchors loaded successfully
2021-11-19 15:31:55,488 tensor([[[0.3750, 1.1250],
         [0.6250, 1.3750],
         [0.5000, 2.5000]],

        [[0.4375, 1.1250],
         [0.3750, 2.4375],
         [0.7500, 1.9375]],

        [[0.5938, 1.5625],
         [1.1875, 2.5312],
         [2.1250, 4.9062]]], device='cuda:0')
2021-11-19 15:31:59,992 Epoch: [1][0/17500]	Time 4.503s (4.503s)	Speed 0.9 samples/s	Data 0.159s (0.159s)	Loss 0.67602 (0.67602)
2021-11-19 15:32:03,637 Epoch: [1][20/17500]	Time 8.148s (6.345s)	Speed 0.5 samples/s	Data 7.977s (5.966s)	Loss nan (nan)
2021-11-19 15:32:03,637 NaN or Inf found in input tensor.
2021-11-19 15:32:07,213 Epoch: [1][40/17500]	Time 11.724s (8.144s)	Speed 0.3 samples/s	Data 11.546s (7.864s)	Loss nan (nan)
2021-11-19 15:32:07,213 NaN or Inf found in input tensor.
2021-11-19 15:32:10,855 Epoch: [1][60/17500]	Time 15.366s (9.948s)	Speed 0.3 samples/s	Data 15.190s (9.700s)	Loss nan (nan)
2021-11-19 15:32:10,855 NaN or Inf found in input tensor.
2021-11-19 15:32:14,452 Epoch: [1][80/17500]	Time 18.963s (11.749s)	Speed 0.2 samples/s	Data 18.774s (11.518s)	Loss nan (nan)
2021-11-19 15:32:14,452 NaN or Inf found in input tensor.
2021-11-19 15:32:18,023 Epoch: [1][100/17500]	Time 22.534s (13.547s)	Speed 0.2 samples/s	Data 22.358s (13.327s)	Loss nan (nan)
2021-11-19 15:32:18,024 NaN or Inf found in input tensor.
2021-11-19 15:32:21,607 Epoch: [1][120/17500]	Time 26.117s (15.346s)	Speed 0.2 samples/s	Data 25.942s (15.133s)	Loss nan (nan)
2021-11-19 15:32:21,607 NaN or Inf found in input tensor.
2021-11-19 15:32:25,127 Epoch: [1][140/17500]	Time 29.638s (17.138s)	Speed 0.1 samples/s	Data 29.467s (16.931s)	Loss nan (nan)
2021-11-19 15:32:25,128 NaN or Inf found in input tensor.
