2021-11-19 16:44:02,026 Namespace(conf_thres=0.001, dataDir='', iou_thres=0.6, local_rank=-1, logDir='runs/', modelDir='', prevModelDir='', sync_bn=False)
2021-11-19 16:44:02,026 AUTO_RESUME: False
CUDNN:
  BENCHMARK: True
  DETERMINISTIC: False
  ENABLED: True
DATASET:
  COLOR_RGB: False
  DATAROOT: /home/sung/works/YOLOP/lib/dataset/images
  DATASET: BddDataset
  DATA_FORMAT: jpg
  FLIP: True
  HSV_H: 0.015
  HSV_S: 0.7
  HSV_V: 0.4
  LABELROOT: /home/sung/works/YOLOP/lib/dataset/det_annotations
  LANEROOT: /home/sung/works/YOLOP/lib/dataset/ll_seg_annotations
  MASKROOT: /home/sung/works/YOLOP/lib/dataset/da_seg_annotations
  ORG_IMG_SIZE: [720, 1280]
  ROT_FACTOR: 10
  SCALE_FACTOR: 0.25
  SELECT_DATA: False
  SHEAR: 0.0
  TEST_SET: val
  TRAIN_SET: train
  TRANSLATE: 0.1
DEBUG: False
GPUS: (0, 1)
LOG_DIR: runs/
LOSS:
  BOX_GAIN: 0.05
  CLS_GAIN: 0.5
  CLS_POS_WEIGHT: 1.0
  DA_SEG_GAIN: 0.2
  FL_GAMMA: 0.0
  LL_IOU_GAIN: 0.2
  LL_SEG_GAIN: 0.2
  LOSS_NAME: 
  MULTI_HEAD_LAMBDA: None
  OBJ_GAIN: 1.0
  OBJ_POS_WEIGHT: 1.0
  SEG_POS_WEIGHT: 1.0
MODEL:
  EXTRA:
    
  HEADS_NAME: ['']
  IMAGE_SIZE: [640, 640]
  NAME: 
  PRETRAINED: 
  PRETRAINED_DET: 
  STRU_WITHSHARE: False
NEED_AUTOANCHOR: False
PIN_MEMORY: False
PRINT_FREQ: 20
TEST:
  BATCH_SIZE_PER_GPU: 2
  MODEL_FILE: 
  NMS_CONF_THRESHOLD: 0.001
  NMS_IOU_THRESHOLD: 0.6
  PLOTS: True
  SAVE_JSON: False
  SAVE_TXT: False
TRAIN:
  ANCHOR_THRESHOLD: 4.0
  BATCH_SIZE_PER_GPU: 2
  BEGIN_EPOCH: 0
  DET_ONLY: False
  DRIVABLE_ONLY: False
  ENC_DET_ONLY: False
  ENC_SEG_ONLY: False
  END_EPOCH: 240
  GAMMA1: 0.99
  GAMMA2: 0.0
  IOU_THRESHOLD: 0.2
  LANE_ONLY: False
  LR0: 0.001
  LRF: 0.2
  MOMENTUM: 0.937
  NESTEROV: True
  OPTIMIZER: adam
  PLOT: True
  SEG_ONLY: False
  SHUFFLE: True
  VAL_FREQ: 1
  WARMUP_BIASE_LR: 0.1
  WARMUP_EPOCHS: 3.0
  WARMUP_MOMENTUM: 0.8
  WD: 0.0005
WORKERS: 0
num_seg_class: 2
2021-11-19 16:44:02,045 Using torch 1.7.1 CUDA:0 (NVIDIA GeForce GTX 1080 Ti, 11170MB)
2021-11-19 16:44:02,045                   CUDA:1 (NVIDIA GeForce GTX 1080 Ti, 11178MB)
2021-11-19 16:44:02,045 
2021-11-19 16:44:16,419 anchors loaded successfully
2021-11-19 16:44:16,422 tensor([[[0.3750, 1.1250],
         [0.6250, 1.3750],
         [0.5000, 2.5000]],

        [[0.4375, 1.1250],
         [0.3750, 2.4375],
         [0.7500, 1.9375]],

        [[0.5938, 1.5625],
         [1.1875, 2.5312],
         [2.1250, 4.9062]]], device='cuda:0')
2021-11-19 16:44:20,919 Epoch: [1][0/17500]	Time 4.496s (4.496s)	Speed 0.9 samples/s	Data 0.126s (0.126s)	Loss 0.67208 (0.67208)
2021-11-19 16:44:25,315 Epoch: [1][20/17500]	Time 8.892s (6.695s)	Speed 0.4 samples/s	Data 8.648s (6.278s)	Loss 0.66609 (0.66741)
2021-11-19 16:44:29,752 Epoch: [1][40/17500]	Time 13.330s (8.906s)	Speed 0.3 samples/s	Data 13.119s (8.584s)	Loss 0.66697 (0.66814)
2021-11-19 16:44:34,143 Epoch: [1][60/17500]	Time 17.721s (11.110s)	Speed 0.2 samples/s	Data 17.488s (10.822s)	Loss 0.67977 (0.66884)
2021-11-19 16:44:38,573 Epoch: [1][80/17500]	Time 22.151s (13.316s)	Speed 0.2 samples/s	Data 21.928s (13.044s)	Loss 0.65272 (0.66818)
2021-11-19 16:44:42,934 Epoch: [1][100/17500]	Time 26.511s (15.519s)	Speed 0.2 samples/s	Data 26.289s (15.258s)	Loss 0.65885 (0.66872)
2021-11-19 16:44:47,351 Epoch: [1][120/17500]	Time 30.928s (17.719s)	Speed 0.1 samples/s	Data 30.714s (17.464s)	Loss 0.67525 (0.66902)
